2024-05-24 00:09:38.262 [ SpringApplicationShutdownHook ] - [ INFO  ] [ org.quartz.core.QuartzScheduler : 585 ] - Scheduler quartzScheduler_$_NON_CLUSTERED paused.
2024-05-24 00:09:38.555 [ SpringApplicationShutdownHook ] - [ INFO  ] [ org.quartz.core.QuartzScheduler : 666 ] - Scheduler quartzScheduler_$_NON_CLUSTERED shutting down.
2024-05-24 00:09:38.556 [ SpringApplicationShutdownHook ] - [ INFO  ] [ org.quartz.core.QuartzScheduler : 585 ] - Scheduler quartzScheduler_$_NON_CLUSTERED paused.
2024-05-24 00:09:38.558 [ SpringApplicationShutdownHook ] - [ INFO  ] [ org.quartz.core.QuartzScheduler : 740 ] - Scheduler quartzScheduler_$_NON_CLUSTERED shutdown complete.
2024-05-24 00:09:38.795 [ SpringApplicationShutdownHook ] - [ INFO  ] [ com.alibaba.druid.pool.DruidDataSource : 2063 ] - {dataSource-1} closing ...
2024-05-24 00:09:38.801 [ SpringApplicationShutdownHook ] - [ INFO  ] [ com.alibaba.druid.pool.DruidDataSource : 2136 ] - {dataSource-1} closed
2024-05-24 00:09:44.928 [ main ] - [ INFO  ] [ com.gk.study.MySpringApplication : 55 ] - Starting MySpringApplication using Java 1.8.0_361 on LAPTOP-E89D4MS2 with PID 5984 (D:\java\code\毕设\java_shop\server\target\classes started by ll in D:\java\code\毕设\java_shop)
2024-05-24 00:09:44.932 [ main ] - [ INFO  ] [ com.gk.study.MySpringApplication : 659 ] - No active profile set, falling back to default profiles: default
2024-05-24 00:09:46.682 [ main ] - [ INFO  ] [ org.apache.coyote.http11.Http11NioProtocol : 173 ] - Initializing ProtocolHandler ["http-nio-9100"]
2024-05-24 00:09:46.684 [ main ] - [ INFO  ] [ org.apache.catalina.core.StandardService : 173 ] - Starting service [Tomcat]
2024-05-24 00:09:46.685 [ main ] - [ INFO  ] [ org.apache.catalina.core.StandardEngine : 173 ] - Starting Servlet engine: [Apache Tomcat/9.0.53]
2024-05-24 00:09:46.899 [ main ] - [ INFO  ] [ o.a.c.c.ContainerBase.[Tomcat].[localhost].[/api] : 173 ] - Initializing Spring embedded WebApplicationContext
2024-05-24 00:09:47.085 [ main ] - [ INFO  ] [ c.a.d.s.b.a.DruidDataSourceAutoConfigure : 56 ] - Init DruidDataSource
2024-05-24 00:09:47.273 [ main ] - [ INFO  ] [ com.alibaba.druid.pool.DruidDataSource : 975 ] - {dataSource-1} inited
2024-05-24 00:09:47.672 [ main ] - [ WARN  ] [ c.b.mybatisplus.core.metadata.TableInfoHelper : 342 ] - Can not find table primary key in Class: "java.lang.Object".
2024-05-24 00:09:47.672 [ main ] - [ WARN  ] [ c.b.mybatisplus.core.injector.DefaultSqlInjector : 56 ] - class java.lang.Object ,Not found @TableId annotation, Cannot use Mybatis-Plus 'xxById' Method.
2024-05-24 00:09:50.731 [ main ] - [ INFO  ] [ org.quartz.impl.StdSchedulerFactory : 1220 ] - Using default implementation for ThreadExecutor
2024-05-24 00:09:50.746 [ main ] - [ INFO  ] [ org.quartz.core.SchedulerSignalerImpl : 61 ] - Initialized Scheduler Signaller of type: class org.quartz.core.SchedulerSignalerImpl
2024-05-24 00:09:50.746 [ main ] - [ INFO  ] [ org.quartz.core.QuartzScheduler : 229 ] - Quartz Scheduler v.2.3.2 created.
2024-05-24 00:09:50.749 [ main ] - [ INFO  ] [ org.quartz.simpl.RAMJobStore : 155 ] - RAMJobStore initialized.
2024-05-24 00:09:50.750 [ main ] - [ INFO  ] [ org.quartz.core.QuartzScheduler : 294 ] - Scheduler meta-data: Quartz Scheduler (v2.3.2) 'quartzScheduler' with instanceId 'NON_CLUSTERED'
  Scheduler class: 'org.quartz.core.QuartzScheduler' - running locally.
  NOT STARTED.
  Currently in standby mode.
  Number of jobs executed: 0
  Using thread pool 'org.quartz.simpl.SimpleThreadPool' - with 10 threads.
  Using job-store 'org.quartz.simpl.RAMJobStore' - which does not support persistence. and is not clustered.

2024-05-24 00:09:50.751 [ main ] - [ INFO  ] [ org.quartz.impl.StdSchedulerFactory : 1374 ] - Quartz scheduler 'quartzScheduler' initialized from an externally provided properties instance.
2024-05-24 00:09:50.751 [ main ] - [ INFO  ] [ org.quartz.impl.StdSchedulerFactory : 1378 ] - Quartz scheduler version: 2.3.2
2024-05-24 00:09:50.751 [ main ] - [ INFO  ] [ org.quartz.core.QuartzScheduler : 2293 ] - JobFactory set to: org.springframework.scheduling.quartz.SpringBeanJobFactory@51eb0e84
2024-05-24 00:09:50.879 [ main ] - [ INFO  ] [ org.apache.coyote.http11.Http11NioProtocol : 173 ] - Starting ProtocolHandler ["http-nio-9100"]
2024-05-24 00:09:51.005 [ main ] - [ INFO  ] [ org.quartz.core.QuartzScheduler : 547 ] - Scheduler quartzScheduler_$_NON_CLUSTERED started.
2024-05-24 00:09:51.033 [ main ] - [ INFO  ] [ com.gk.study.MySpringApplication : 61 ] - Started MySpringApplication in 6.745 seconds (JVM running for 8.022)
